<?xml version="1.0" encoding="UTF-8"?>
<!-- Generated by org.testng.reporters.JUnitReportReporter -->
<testsuite hostname="law1382083" failures="0" tests="1" name="com.LearnAutomation.TestCases.LoginTestCRM" time="12.024" errors="0" timestamp="2021-07-19T12:23:50 IST" skipped="0">
  <testcase classname="com.LearnAutomation.TestCases.LoginTestCRM" name="loginAPP" time="12.024"/>
  <system-out/>
</testsuite> <!-- com.LearnAutomation.TestCases.LoginTestCRM -->
